Using pre-set license

 COMMAND LINE ARGUMENTS:
/Applications/Unity/Hub/Editor/2020.3.1f1/Unity.app/Contents/MacOS/Unity
-adb2
-batchMode
-noUpm
-name
AssetImportWorker0
-projectPath
/Users/Misha/Documents/projects/2021-template
-logFile
Logs/AssetImportWorker0.log
-srvPort
56543
Successfully changed project path to: /Users/Misha/Documents/projects/2021-template
/Users/Misha/Documents/projects/2021-template
Using Asset Import Pipeline V2.
Refreshing native plugins compatible for Editor in 180.21 ms, found 5 plugins.
Preloading 0 native plugins for Editor in 0.00 ms.
Initialize engine version: 2020.3.1f1 (77a89f25062f)
[Subsystems] Discovering subsystems at path /Applications/Unity/Hub/Editor/2020.3.1f1/Unity.app/Contents/Resources/UnitySubsystems
[Subsystems] Discovering subsystems at path /Users/Misha/Documents/projects/2021-template/Assets
GfxDevice: creating device client; threaded=0
2021-03-26 17:08:01.527 Unity[4352:130088] iMac preferred device: AMD Radeon R9 M380 (high power)
2021-03-26 17:08:01.527 Unity[4352:130088] Metal devices available: 1
2021-03-26 17:08:01.527 Unity[4352:130088] 0: AMD Radeon R9 M380 (high power)
2021-03-26 17:08:01.528 Unity[4352:130088] Using device AMD Radeon R9 M380 (high power)
Initializing Metal device caps: AMD Radeon R9 M380
Shader 'Universal Render Pipeline/Particles/Lit': fallback shader 'Universal Render Pipeline/Particles/SimpleLit' not found
Initialize mono
Mono path[0] = '/Applications/Unity/Hub/Editor/2020.3.1f1/Unity.app/Contents/Managed'
Mono path[1] = '/Applications/Unity/Hub/Editor/2020.3.1f1/Unity.app/Contents/MonoBleedingEdge/lib/mono/unityjit'
Mono config path = '/Applications/Unity/Hub/Editor/2020.3.1f1/Unity.app/Contents/MonoBleedingEdge/etc'
Using monoOptions --debugger-agent=transport=dt_socket,embedding=1,server=y,suspend=n,address=127.0.0.1:56352
Begin MonoManager ReloadAssembly
Registering precompiled unity dll's ...
Register platform support module: /Applications/Unity/Hub/Editor/2020.3.1f1/Unity.app/Contents/PlaybackEngines/MacStandaloneSupport/UnityEditor.OSXStandalone.Extensions.dll
Registered in 0.002200 seconds.
Native extension for OSXStandalone target not found
Refreshing native plugins compatible for Editor in 95.90 ms, found 5 plugins.
Preloading 0 native plugins for Editor in 0.00 ms.
Invoked RoslynAnalysisRunner static constructor.
RoslynAnalysisRunner will not be running.
RoslynAnalysisRunner has terminated.
Mono: successfully reloaded assembly
- Completed reload, in  5.518 seconds
Platform modules already initialized, skipping
Registering precompiled user dll's ...
Registered in 0.038613 seconds.
Begin MonoManager ReloadAssembly
Native extension for OSXStandalone target not found
Refreshing native plugins compatible for Editor in 93.98 ms, found 5 plugins.
Preloading 0 native plugins for Editor in 0.00 ms.
UnityIAP: [InitializeOnLoad] Facebook Check
UnityIAP: Runtime [2020.3.1f1]
UnityIAP: Current Build is Android:StandaloneOSX
UnityIAP: stub FacebookStore.dll enabled
Invoked RoslynAnalysisRunner static constructor.
RoslynAnalysisRunner will not be running.
RoslynAnalysisRunner has terminated.
Mono: successfully reloaded assembly
- Completed reload, in  3.142 seconds
Platform modules already initialized, skipping
========================================================================
Worker process is ready to serve import requests
URP_Renderer is missing RendererFeatures
This could be due to missing scripts or compile error.
UnityEngine.StackTraceUtility:ExtractStackTrace () (at /Users/bokken/buildslave/unity/build/Runtime/Export/Scripting/StackTrace.cs:37)
UnityEngine.DebugLogHandler:LogFormat (UnityEngine.LogType,UnityEngine.Object,string,object[])
UnityEngine.Logger:Log (UnityEngine.LogType,object,UnityEngine.Object)
UnityEngine.Debug:LogError (object,UnityEngine.Object)
UnityEngine.Rendering.Universal.ScriptableRendererData:ValidateRendererFeatures () (at Library/PackageCache/com.unity.render-pipelines.universal@10.3.2/Runtime/ScriptableRendererData.cs:135)
UnityEngine.Rendering.Universal.ScriptableRendererData:OnValidate () (at Library/PackageCache/com.unity.render-pipelines.universal@10.3.2/Runtime/ScriptableRendererData.cs:59)

(Filename: Library/PackageCache/com.unity.render-pipelines.universal@10.3.2/Runtime/ScriptableRendererData.cs Line: 135)

Shader 'Universal Render Pipeline/Particles/Lit': fallback shader 'Universal Render Pipeline/Particles/SimpleLit' not found
Launching external process: /Applications/Unity/Hub/Editor/2020.3.1f1/Unity.app/Contents/Tools/UnityShaderCompiler
Launched and connected shader compiler UnityShaderCompiler after 0.02 seconds
Refreshing native plugins compatible for Editor in 1.89 ms, found 5 plugins.
Preloading 0 native plugins for Editor in 0.00 ms.
Unloading 3467 Unused Serialized files (Serialized files now loaded: 0)
System memory in use before: 270.8 MB.
System memory in use after: 271.0 MB.

Unloading 209 unused Assets to reduce memory usage. Loaded Objects now: 3770.
Total: 3.740567 ms (FindLiveObjects: 0.537173 ms CreateObjectMapping: 0.354694 ms MarkObjects: 2.661643 ms  DeleteObjects: 0.185705 ms)

========================================================================
Received Import Request.
  path: Assets/Pipelines/URP.asset
  artifactKey: Guid(ab604d5855d334c33b9092a994b5691d) Importer(815301076,1909f56bfc062723c751e8b465ee728b)
Start importing Assets/Pipelines/URP.asset using Guid(ab604d5855d334c33b9092a994b5691d) Importer(815301076,1909f56bfc062723c751e8b465ee728b)  -> (artifact id: '6f4226d8f78fefdc36ecd96ceff72670') in 0.574984 seconds
  Import took 0.582232 seconds .

========================================================================
Received Import Request.
  Time since last request: 0.000339 seconds.
  path: Assets/Pipelines/URP_Renderer.asset
  artifactKey: Guid(4166b4d95ff80412ab91301af353afc3) Importer(815301076,1909f56bfc062723c751e8b465ee728b)
Start importing Assets/Pipelines/URP_Renderer.asset using Guid(4166b4d95ff80412ab91301af353afc3) Importer(815301076,1909f56bfc062723c751e8b465ee728b) URP_Renderer is missing RendererFeatures
This could be due to missing scripts or compile error.
UnityEngine.StackTraceUtility:ExtractStackTrace () (at /Users/bokken/buildslave/unity/build/Runtime/Export/Scripting/StackTrace.cs:37)
UnityEngine.DebugLogHandler:LogFormat (UnityEngine.LogType,UnityEngine.Object,string,object[])
UnityEngine.Logger:Log (UnityEngine.LogType,object,UnityEngine.Object)
UnityEngine.Debug:LogError (object,UnityEngine.Object)
UnityEngine.Rendering.Universal.ScriptableRendererData:ValidateRendererFeatures () (at Library/PackageCache/com.unity.render-pipelines.universal@10.3.2/Runtime/ScriptableRendererData.cs:135)
UnityEngine.Rendering.Universal.ScriptableRendererData:OnValidate () (at Library/PackageCache/com.unity.render-pipelines.universal@10.3.2/Runtime/ScriptableRendererData.cs:59)

(Filename: Library/PackageCache/com.unity.render-pipelines.universal@10.3.2/Runtime/ScriptableRendererData.cs Line: 135)

 -> (artifact id: '8e24a014c74cb2df8621a9933bdecd10') in 0.003737 seconds
  Import took 0.010579 seconds .

